Exporter version: 5.4.2, Blender version: 2.79 (sub 0)
========= Conversion from Blender to Babylon.js =========
	Scene settings used:
		selected layers only:  false
		flat shading entire scene:  false
		inline textures:  false
		texture directory:  C:\Users\Brokan\Desktop\Museum-of-Brokan\serving\meshes\
	Python World class constructor completed
	WARNING: No active camera has been assigned, or is not in a currently selected Blender layer
	processing begun of mesh:  Cube
		WARNING: No materials have been assigned: 
		num positions      :  8
		num normals        :  8
		num uvs            :  0
		num uvs2           :  0
		num colors         :  0
		num indices        :  36
	processing begun of mesh:  door1
		WARNING: No materials have been assigned: 
		num positions      :  64
		num normals        :  64
		num uvs            :  0
		num uvs2           :  0
		num colors         :  0
		num indices        :  132
	processing begun of mesh:  mapBox
		WARNING: No materials have been assigned: 
		num positions      :  8
		num normals        :  8
		num uvs            :  0
		num uvs2           :  0
		num colors         :  0
		num indices        :  36
	processing begun of mesh:  map
		processing begun of Standard material:  Material.002
			Diffuse texture found "Texture.004"
				Image texture found, type:  diffuseTexture, mapped using: "UVMap"
		num positions      :  4
		num normals        :  4
		num uvs            :  8
		num uvs2           :  0
		num colors         :  0
		num indices        :  6
	processing begun of mesh:  lobbyTop2
		processing begun of Standard material:  Material.001
			Diffuse texture found "Texture"
				Image texture found, type:  diffuseTexture, mapped using: "UVMap"
	WARNING: Error encountered processing image file:  , Error:  'C:\\Users\\Brokan\\Desktop\\Museum-of-Brokan\\serving\\meshes\\whitePlaster.jpg' and 'C:\\Users\\Brokan\\Desktop\\Museum-of-Brokan\\serving\\meshes\\whitePlaster.jpg' are the same file
		num positions      :  1032
		num normals        :  1032
		num uvs            :  2064
		num uvs2           :  0
		num colors         :  0
		num indices        :  3084
	processing begun of mesh:  lobbyCylinder
		processing begun of Standard material:  Material
			Diffuse texture found "Texture.001"
				Image texture found, type:  diffuseTexture, mapped using: "UVMap"
		num positions      :  14
		num normals        :  14
		num uvs            :  28
		num uvs2           :  0
		num colors         :  0
		num indices        :  24
	processing begun of mesh:  ring3
		processing begun of Standard material:  Material.006
			Diffuse texture found "Texture.017"
				Image texture found, type:  diffuseTexture, mapped using: "UVMap"
		num positions      :  528
		num normals        :  528
		num uvs            :  1056
		num uvs2           :  0
		num colors         :  0
		num indices        :  1584
	processing begun of mesh:  ring4
		processing begun of Standard material:  Material.013
			Diffuse texture found "Texture.002"
				Image texture found, type:  diffuseTexture, mapped using: "UVMap"
	WARNING: Error encountered processing image file:  , Error:  'C:\\Users\\Brokan\\Desktop\\Museum-of-Brokan\\serving\\meshes\\medallion.png' and 'C:\\Users\\Brokan\\Desktop\\Museum-of-Brokan\\serving\\meshes\\medallion.png' are the same file
		num positions      :  264
		num normals        :  264
		num uvs            :  528
		num uvs2           :  0
		num colors         :  0
		num indices        :  786
	processing begun of mesh:  lobbyTop1
		registered as also a user of material:  Material.001
		num positions      :  1026
		num normals        :  1026
		num uvs            :  2052
		num uvs2           :  0
		num colors         :  0
		num indices        :  3078
	processing begun of mesh:  cBox2
		WARNING: No materials have been assigned: 
		num positions      :  8
		num normals        :  8
		num uvs            :  0
		num uvs2           :  0
		num colors         :  0
		num indices        :  36
	processing begun of mesh:  ring2
		processing begun of Standard material:  Material.010
			Diffuse texture found "Texture.014"
				Image texture found, type:  diffuseTexture, mapped using: "UVMap"
	WARNING: Error encountered processing image file:  , Error:  'C:\\Users\\Brokan\\Desktop\\Museum-of-Brokan\\serving\\meshes\\marble1.jpg' and 'C:\\Users\\Brokan\\Desktop\\Museum-of-Brokan\\serving\\meshes\\marble1.jpg' are the same file
		num positions      :  528
		num normals        :  528
		num uvs            :  1056
		num uvs2           :  0
		num colors         :  0
		num indices        :  1584
	processing begun of mesh:  ring1
		processing begun of Standard material:  Material.012
			Diffuse texture found "Texture.007"
				Image texture found, type:  diffuseTexture, mapped using: "UVMap"
	WARNING: Error encountered processing image file:  , Error:  'C:\\Users\\Brokan\\Desktop\\Museum-of-Brokan\\serving\\meshes\\tiledMarble.jpg' and 'C:\\Users\\Brokan\\Desktop\\Museum-of-Brokan\\serving\\meshes\\tiledMarble.jpg' are the same file
			Bump texture found "Texture.010"
				Image texture found, type:  bumpTexture, mapped using: "UVMap"
		num positions      :  640
		num normals        :  640
		num uvs            :  1280
		num uvs2           :  0
		num colors         :  0
		num indices        :  1920
	processing begun of mesh:  startBox
		WARNING: No materials have been assigned: 
		num positions      :  19
		num normals        :  19
		num uvs            :  0
		num uvs2           :  0
		num colors         :  0
		num indices        :  51
		WARNING: # of 0 area faces found:  1
	processing begun of mesh:  startBoxDoorway
		registered as also a user of material:  Material
		num positions      :  1052
		num normals        :  1052
		num uvs            :  2104
		num uvs2           :  0
		num colors         :  0
		num indices        :  3126
	processing begun of mesh:  cBox1
		WARNING: No materials have been assigned: 
		num positions      :  8
		num normals        :  8
		num uvs            :  0
		num uvs2           :  0
		num colors         :  0
		num indices        :  36
	processing begun of mesh:  cBox6
		WARNING: No materials have been assigned: 
		num positions      :  8
		num normals        :  8
		num uvs            :  0
		num uvs2           :  0
		num colors         :  0
		num indices        :  36
	processing begun of mesh:  cBox5
		WARNING: No materials have been assigned: 
		num positions      :  8
		num normals        :  8
		num uvs            :  0
		num uvs2           :  0
		num colors         :  0
		num indices        :  36
	processing begun of mesh:  cBox4
		WARNING: No materials have been assigned: 
		num positions      :  8
		num normals        :  8
		num uvs            :  0
		num uvs2           :  0
		num colors         :  0
		num indices        :  36
	processing begun of mesh:  cBox3
		WARNING: No materials have been assigned: 
		num positions      :  8
		num normals        :  8
		num uvs            :  0
		num uvs2           :  0
		num colors         :  0
		num indices        :  36
	processing begun of mesh:  cBox7
		WARNING: No materials have been assigned: 
		num positions      :  8
		num normals        :  8
		num uvs            :  0
		num uvs2           :  0
		num colors         :  0
		num indices        :  36
	processing begun of mesh:  cBox8
		WARNING: No materials have been assigned: 
		num positions      :  8
		num normals        :  8
		num uvs            :  0
		num uvs2           :  0
		num colors         :  0
		num indices        :  36
	processing begun of mesh:  col1
		WARNING: No materials have been assigned: 
		num positions      :  5824
		num normals        :  5824
		num uvs            :  0
		num uvs2           :  0
		num colors         :  0
		num indices        :  34560
	processing begun of mesh:  col2
		WARNING: No materials have been assigned: 
		num positions      :  5824
		num normals        :  5824
		num uvs            :  0
		num uvs2           :  0
		num colors         :  0
		num indices        :  34560
	processing begun of mesh:  col5
		WARNING: No materials have been assigned: 
		num positions      :  5824
		num normals        :  5824
		num uvs            :  0
		num uvs2           :  0
		num colors         :  0
		num indices        :  34560
	processing begun of mesh:  col6
		WARNING: No materials have been assigned: 
		num positions      :  5824
		num normals        :  5824
		num uvs            :  0
		num uvs2           :  0
		num colors         :  0
		num indices        :  34560
	processing begun of mesh:  col7
		WARNING: No materials have been assigned: 
		num positions      :  5824
		num normals        :  5824
		num uvs            :  0
		num uvs2           :  0
		num colors         :  0
		num indices        :  34560
	processing begun of mesh:  col8
		WARNING: No materials have been assigned: 
		num positions      :  5824
		num normals        :  5824
		num uvs            :  0
		num uvs2           :  0
		num colors         :  0
		num indices        :  34560
	processing begun of mesh:  col8Bot
		processing begun of Standard material:  Material.003
			Diffuse texture found "Texture.005"
				Image texture found, type:  diffuseTexture, mapped using: "UVMap"
		num positions      :  232
		num normals        :  232
		num uvs            :  464
		num uvs2           :  0
		num colors         :  0
		num indices        :  324
	processing begun of mesh:  col3
		WARNING: No materials have been assigned: 
		num positions      :  5824
		num normals        :  5824
		num uvs            :  0
		num uvs2           :  0
		num colors         :  0
		num indices        :  34560
	processing begun of mesh:  col4
		WARNING: No materials have been assigned: 
		num positions      :  5824
		num normals        :  5824
		num uvs            :  0
		num uvs2           :  0
		num colors         :  0
		num indices        :  34560
	processing begun of mesh:  mapStand
		WARNING: No materials have been assigned: 
		num positions      :  240
		num normals        :  240
		num uvs            :  0
		num uvs2           :  0
		num colors         :  0
		num indices        :  648
	processing begun of mesh:  door2
		WARNING: No materials have been assigned: 
		num positions      :  64
		num normals        :  64
		num uvs            :  0
		num uvs2           :  0
		num colors         :  0
		num indices        :  132
	processing begun of mesh:  door3
		WARNING: No materials have been assigned: 
		num positions      :  64
		num normals        :  64
		num uvs            :  0
		num uvs2           :  0
		num colors         :  0
		num indices        :  132
	processing begun of mesh:  col8Top
		processing begun of Standard material:  Material.004
			Diffuse texture found "Texture.006"
				Image texture found, type:  diffuseTexture, mapped using: "UVMap"
		num positions      :  232
		num normals        :  232
		num uvs            :  464
		num uvs2           :  0
		num colors         :  0
		num indices        :  324
	processing begun of mesh:  col7Top
		processing begun of Standard material:  Material.007
			Diffuse texture found "Texture.009"
				Image texture found, type:  diffuseTexture, mapped using: "UVMap"
		num positions      :  232
		num normals        :  232
		num uvs            :  464
		num uvs2           :  0
		num colors         :  0
		num indices        :  324
	processing begun of mesh:  col6Top
		processing begun of Standard material:  Material.008
			Diffuse texture found "Texture.011"
				Image texture found, type:  diffuseTexture, mapped using: "UVMap"
		num positions      :  232
		num normals        :  232
		num uvs            :  464
		num uvs2           :  0
		num colors         :  0
		num indices        :  324
	processing begun of mesh:  col5Top
		processing begun of Standard material:  Material.009
			Diffuse texture found "Texture.012"
				Image texture found, type:  diffuseTexture, mapped using: "UVMap"
		num positions      :  232
		num normals        :  232
		num uvs            :  464
		num uvs2           :  0
		num colors         :  0
		num indices        :  324
	processing begun of mesh:  col4Top
		processing begun of Standard material:  Material.011
			Diffuse texture found "Texture.013"
				Image texture found, type:  diffuseTexture, mapped using: "UVMap"
		num positions      :  232
		num normals        :  232
		num uvs            :  464
		num uvs2           :  0
		num colors         :  0
		num indices        :  324
	processing begun of mesh:  col3Top
		processing begun of Standard material:  Material.014
			Diffuse texture found "Texture.015"
				Image texture found, type:  diffuseTexture, mapped using: "UVMap"
		num positions      :  232
		num normals        :  232
		num uvs            :  464
		num uvs2           :  0
		num colors         :  0
		num indices        :  324
	processing begun of mesh:  col2Top
		processing begun of Standard material:  Material.015
			Diffuse texture found "Texture.016"
				Image texture found, type:  diffuseTexture, mapped using: "UVMap"
		num positions      :  232
		num normals        :  232
		num uvs            :  464
		num uvs2           :  0
		num colors         :  0
		num indices        :  324
	processing begun of mesh:  col1Top
		processing begun of Standard material:  Material.016
			Diffuse texture found "Texture.018"
				Image texture found, type:  diffuseTexture, mapped using: "UVMap"
		num positions      :  232
		num normals        :  232
		num uvs            :  464
		num uvs2           :  0
		num colors         :  0
		num indices        :  324
	processing begun of mesh:  col7Bot
		processing begun of Standard material:  Material.017
			Diffuse texture found "Texture.019"
				Image texture found, type:  diffuseTexture, mapped using: "UVMap"
		num positions      :  232
		num normals        :  232
		num uvs            :  464
		num uvs2           :  0
		num colors         :  0
		num indices        :  324
	processing begun of mesh:  col6Bot
		processing begun of Standard material:  Material.018
			Diffuse texture found "Texture.020"
				Image texture found, type:  diffuseTexture, mapped using: "UVMap"
		num positions      :  232
		num normals        :  232
		num uvs            :  464
		num uvs2           :  0
		num colors         :  0
		num indices        :  324
	processing begun of mesh:  col5Bot
		processing begun of Standard material:  Material.019
			Diffuse texture found "Texture.021"
				Image texture found, type:  diffuseTexture, mapped using: "UVMap"
		num positions      :  232
		num normals        :  232
		num uvs            :  464
		num uvs2           :  0
		num colors         :  0
		num indices        :  324
	processing begun of mesh:  col4Bot
		processing begun of Standard material:  Material.020
			Diffuse texture found "Texture.022"
				Image texture found, type:  diffuseTexture, mapped using: "UVMap"
		num positions      :  232
		num normals        :  232
		num uvs            :  464
		num uvs2           :  0
		num colors         :  0
		num indices        :  324
	processing begun of mesh:  col3Bot
		processing begun of Standard material:  Material.021
			Diffuse texture found "Texture.023"
				Image texture found, type:  diffuseTexture, mapped using: "UVMap"
		num positions      :  232
		num normals        :  232
		num uvs            :  464
		num uvs2           :  0
		num colors         :  0
		num indices        :  324
	processing begun of mesh:  col2Bot
		processing begun of Standard material:  Material.022
			Diffuse texture found "Texture.024"
				Image texture found, type:  diffuseTexture, mapped using: "UVMap"
		num positions      :  232
		num normals        :  232
		num uvs            :  464
		num uvs2           :  0
		num colors         :  0
		num indices        :  324
	processing begun of mesh:  col1Bot
		processing begun of Standard material:  Material.023
			Diffuse texture found "Texture.025"
				Image texture found, type:  diffuseTexture, mapped using: "UVMap"
		num positions      :  232
		num normals        :  232
		num uvs            :  464
		num uvs2           :  0
		num colors         :  0
		num indices        :  324
========= Writing of scene file started =========
========= Writing of scene file completed =========
========= end of processing =========
elapsed time:  0 min, 4.0427 secs
